<?xml version="1.0" encoding="UTF-8"?>
<!-- Generated by org.testng.reporters.JUnitReportReporter -->
<testsuite skipped="0" hostname="DESKTOP-GS608MD" name="tyssframework.scripts.Testscriptone" tests="1" failures="0" timestamp="2020-06-26T09:28:53 IST" time="26.497" errors="0">
  <testcase name="tc_01" time="26.497" classname="tyssframework.scripts.Testscriptone"/>
  <system-out>
clicked onclickhere link Entered text "test@demo.com"In theusername textbox Entered text "Test@123"In thepassword textbox clicked onLogin button clicked onpatients link clicked onadd patient link Entered text "shiva"In thepatient name textfield Entered text ""In thepatient contact Entered text "shiva@gmail.com"In thepatient mail clicked ongender button Entered text "malleshwaram"In thepatient address Entered text ""In thepatient age Entered text "history"In thepatient med history clicked onadd button  </system-out>
</testsuite> <!-- tyssframework.scripts.Testscriptone -->
